C:\DOCUMENTS AND SETTINGS\Q300\桌面\ASSIGNMENTIV\ARMCONTROL\ARMCONTROL\DEBUG\ARMCONTROL.EXE.EMBED.MANIFEST
C:\DOCUMENTS AND SETTINGS\Q300\桌面\ASSIGNMENTIV\ARMCONTROL\ARMCONTROL\DEBUG\ARMCONTROL.EXE.EMBED.MANIFEST.RES
C:\DOCUMENTS AND SETTINGS\Q300\桌面\ASSIGNMENTIV\ARMCONTROL\ARMCONTROL\DEBUG\ARMCONTROL.EXE.INTERMEDIATE.MANIFEST
C:\Documents and Settings\q300\桌面\AssignmentIV\ArmControl\ArmControl\Debug\ArmControl_manifest.rc
C:\Documents and Settings\q300\桌面\AssignmentIV\ArmControl\ArmControl\Debug\cl.command.1.tlog
C:\Documents and Settings\q300\桌面\AssignmentIV\ArmControl\ArmControl\Debug\CL.read.1.tlog
C:\Documents and Settings\q300\桌面\AssignmentIV\ArmControl\ArmControl\Debug\CL.write.1.tlog
C:\Documents and Settings\q300\桌面\AssignmentIV\ArmControl\ArmControl\Debug\link.2652.read.1.tlog
C:\Documents and Settings\q300\桌面\AssignmentIV\ArmControl\ArmControl\Debug\link.2652.write.1.tlog
C:\Documents and Settings\q300\桌面\AssignmentIV\ArmControl\ArmControl\Debug\link.2652-cvtres.read.1.tlog
C:\Documents and Settings\q300\桌面\AssignmentIV\ArmControl\ArmControl\Debug\link.2652-cvtres.write.1.tlog
C:\Documents and Settings\q300\桌面\AssignmentIV\ArmControl\ArmControl\Debug\link.command.1.tlog
C:\Documents and Settings\q300\桌面\AssignmentIV\ArmControl\ArmControl\Debug\link.read.1.tlog
C:\Documents and Settings\q300\桌面\AssignmentIV\ArmControl\ArmControl\Debug\link.write.1.tlog
C:\Documents and Settings\q300\桌面\AssignmentIV\ArmControl\ArmControl\Debug\link-cvtres.read.1.tlog
C:\Documents and Settings\q300\桌面\AssignmentIV\ArmControl\ArmControl\Debug\link-cvtres.write.1.tlog
C:\DOCUMENTS AND SETTINGS\Q300\桌面\ASSIGNMENTIV\ARMCONTROL\ARMCONTROL\DEBUG\MAIN.OBJ
C:\Documents and Settings\q300\桌面\AssignmentIV\ArmControl\ArmControl\Debug\mt.command.1.tlog
C:\Documents and Settings\q300\桌面\AssignmentIV\ArmControl\ArmControl\Debug\mt.read.1.tlog
C:\Documents and Settings\q300\桌面\AssignmentIV\ArmControl\ArmControl\Debug\mt.write.1.tlog
C:\Documents and Settings\q300\桌面\AssignmentIV\ArmControl\ArmControl\Debug\rc.command.1.tlog
C:\Documents and Settings\q300\桌面\AssignmentIV\ArmControl\ArmControl\Debug\rc.read.1.tlog
C:\Documents and Settings\q300\桌面\AssignmentIV\ArmControl\ArmControl\Debug\rc.write.1.tlog
C:\Documents and Settings\q300\桌面\AssignmentIV\ArmControl\ArmControl\Debug\vc100.idb
C:\DOCUMENTS AND SETTINGS\Q300\桌面\ASSIGNMENTIV\ARMCONTROL\ARMCONTROL\DEBUG\VC100.PDB
C:\DOCUMENTS AND SETTINGS\Q300\桌面\ASSIGNMENTIV\ARMCONTROL\DEBUG\ARMCONTROL.EXE
C:\DOCUMENTS AND SETTINGS\Q300\桌面\ASSIGNMENTIV\ARMCONTROL\DEBUG\ARMCONTROL.ILK
C:\DOCUMENTS AND SETTINGS\Q300\桌面\ASSIGNMENTIV\ARMCONTROL\DEBUG\ARMCONTROL.PDB
