Build started 2013/12/7 下午 07:54:11.
     1>Project "C:\Documents and Settings\q300\My Documents\Visual Studio 2010\Projects\ArmControl\ArmControl\ArmControl.vcxproj" on node 2 (build target(s)).
     1>InitializeBuildStatus:
         Creating "Debug\ArmControl.unsuccessfulbuild" because "AlwaysCreate" was specified.
       ClCompile:
         c:\Program Files\Microsoft Visual Studio 10.0\VC\bin\CL.exe /c /IC:\opencv\build\include\opencv2 /IC:\opencv\build\include\opencv /IC:\opencv\build\include /ZI /nologo /W3 /WX- /Od /Oy- /D WIN32 /D _DEBUG /D _CONSOLE /D _UNICODE /D UNICODE /Gm /EHsc /RTC1 /MDd /GS /fp:precise /Zc:wchar_t /Zc:forScope /Fo"Debug\\" /Fd"Debug\vc100.pdb" /Gd /TP /analyze- /errorReport:prompt main.cpp
         main.cpp
       ManifestResourceCompile:
         All outputs are up-to-date.
       Link:
         c:\Program Files\Microsoft Visual Studio 10.0\VC\bin\link.exe /ERRORREPORT:PROMPT /OUT:"C:\Documents and Settings\q300\My Documents\Visual Studio 2010\Projects\ArmControl\Debug\ArmControl.exe" /INCREMENTAL /NOLOGO /LIBPATH:C:\opencv\build\x86\vc10\lib opencv_core247d.lib opencv_highgui247d.lib opencv_imgproc247d.lib kernel32.lib user32.lib gdi32.lib winspool.lib comdlg32.lib advapi32.lib shell32.lib ole32.lib oleaut32.lib uuid.lib odbc32.lib odbccp32.lib /MANIFEST /ManifestFile:"Debug\ArmControl.exe.intermediate.manifest" /MANIFESTUAC:"level='asInvoker' uiAccess='false'" /DEBUG /PDB:"C:\Documents and Settings\q300\My Documents\Visual Studio 2010\Projects\ArmControl\Debug\ArmControl.pdb" /SUBSYSTEM:CONSOLE /TLBID:1 /DYNAMICBASE /NXCOMPAT /IMPLIB:"C:\Documents and Settings\q300\My Documents\Visual Studio 2010\Projects\ArmControl\Debug\ArmControl.lib" /MACHINE:X86 Debug\ArmControl.exe.embed.manifest.res
         Debug\main.obj
       Manifest:
         C:\Program Files\Microsoft SDKs\Windows\v7.0A\bin\mt.exe /nologo /verbose /out:"Debug\ArmControl.exe.embed.manifest" /manifest Debug\ArmControl.exe.intermediate.manifest
         All outputs are up-to-date.
       LinkEmbedManifest:
         All outputs are up-to-date.
         ArmControl.vcxproj -> C:\Documents and Settings\q300\My Documents\Visual Studio 2010\Projects\ArmControl\Debug\ArmControl.exe
       FinalizeBuildStatus:
         Deleting file "Debug\ArmControl.unsuccessfulbuild".
         Touching "Debug\ArmControl.lastbuildstate".
     1>Done Building Project "C:\Documents and Settings\q300\My Documents\Visual Studio 2010\Projects\ArmControl\ArmControl\ArmControl.vcxproj" (build target(s)).

Build succeeded.

Time Elapsed 00:00:01.90
