D:\DROPBOX\DROPBOX\LAB\GRIPPER_NEW\GRIPPER\DEBUG\GRIPPER.EXE
D:\DROPBOX\DROPBOX\LAB\GRIPPER_NEW\GRIPPER\DEBUG\GRIPPER.ILK
D:\DROPBOX\DROPBOX\LAB\GRIPPER_NEW\GRIPPER\DEBUG\GRIPPER.PDB
D:\dropbox\Dropbox\LAB\Gripper_new\Gripper\Gripper\Debug\cl.command.1.tlog
D:\dropbox\Dropbox\LAB\Gripper_new\Gripper\Gripper\Debug\CL.read.1.tlog
D:\dropbox\Dropbox\LAB\Gripper_new\Gripper\Gripper\Debug\CL.write.1.tlog
D:\DROPBOX\DROPBOX\LAB\GRIPPER_NEW\GRIPPER\GRIPPER\DEBUG\GRIPPER.EXE.EMBED.MANIFEST
D:\DROPBOX\DROPBOX\LAB\GRIPPER_NEW\GRIPPER\GRIPPER\DEBUG\GRIPPER.EXE.EMBED.MANIFEST.RES
D:\DROPBOX\DROPBOX\LAB\GRIPPER_NEW\GRIPPER\GRIPPER\DEBUG\GRIPPER.EXE.INTERMEDIATE.MANIFEST
D:\DROPBOX\DROPBOX\LAB\GRIPPER_NEW\GRIPPER\GRIPPER\DEBUG\GRIPPER.OBJ
D:\dropbox\Dropbox\LAB\Gripper_new\Gripper\Gripper\Debug\Gripper.write.1.tlog
D:\dropbox\Dropbox\LAB\Gripper_new\Gripper\Gripper\Debug\Gripper_manifest.rc
D:\dropbox\Dropbox\LAB\Gripper_new\Gripper\Gripper\Debug\link.5352.read.1.tlog
D:\dropbox\Dropbox\LAB\Gripper_new\Gripper\Gripper\Debug\link.5352.write.1.tlog
D:\dropbox\Dropbox\LAB\Gripper_new\Gripper\Gripper\Debug\link.5352-cvtres.read.1.tlog
D:\dropbox\Dropbox\LAB\Gripper_new\Gripper\Gripper\Debug\link.5352-cvtres.write.1.tlog
D:\dropbox\Dropbox\LAB\Gripper_new\Gripper\Gripper\Debug\link.command.1.tlog
D:\dropbox\Dropbox\LAB\Gripper_new\Gripper\Gripper\Debug\link.read.1.tlog
D:\dropbox\Dropbox\LAB\Gripper_new\Gripper\Gripper\Debug\link.write.1.tlog
D:\dropbox\Dropbox\LAB\Gripper_new\Gripper\Gripper\Debug\link-cvtres.read.1.tlog
D:\dropbox\Dropbox\LAB\Gripper_new\Gripper\Gripper\Debug\link-cvtres.write.1.tlog
D:\DROPBOX\DROPBOX\LAB\GRIPPER_NEW\GRIPPER\GRIPPER\DEBUG\MAIN.OBJ
D:\dropbox\Dropbox\LAB\Gripper_new\Gripper\Gripper\Debug\mt.command.1.tlog
D:\dropbox\Dropbox\LAB\Gripper_new\Gripper\Gripper\Debug\mt.read.1.tlog
D:\dropbox\Dropbox\LAB\Gripper_new\Gripper\Gripper\Debug\mt.write.1.tlog
D:\dropbox\Dropbox\LAB\Gripper_new\Gripper\Gripper\Debug\rc.command.1.tlog
D:\dropbox\Dropbox\LAB\Gripper_new\Gripper\Gripper\Debug\rc.read.1.tlog
D:\dropbox\Dropbox\LAB\Gripper_new\Gripper\Gripper\Debug\rc.write.1.tlog
D:\DROPBOX\DROPBOX\LAB\GRIPPER_NEW\GRIPPER\GRIPPER\DEBUG\RS232.OBJ
D:\dropbox\Dropbox\LAB\Gripper_new\Gripper\Gripper\Debug\vc100.idb
D:\DROPBOX\DROPBOX\LAB\GRIPPER_NEW\GRIPPER\GRIPPER\DEBUG\VC100.PDB
